This is pdfTeX, Version 3.14159265-2.6-1.40.17 (TeX Live 2016) (preloaded format=pdflatex 2017.1.6)  22 SEP 2017 13:21
entering extended mode
 restricted \write18 enabled.
 file:line:error style messages enabled.
 %&-line parsing enabled.
**/Users/Home/Documents/Work/Proposals/VLT/Sep17/Current/templatelarge_new.tex
(/Users/Home/Documents/Work/Proposals/VLT/Sep17/Current/templatelarge_new.tex
LaTeX2e <2016/03/31>
Babel <3.9r> and hyphenation patterns for 83 language(s) loaded.
(./esoformlarge.cls
Document Class: esoformlarge 
(/usr/local/texlive/2016/texmf-dist/tex/latex/base/article.cls
Document Class: article 2014/09/29 v1.4h Standard LaTeX document class
(/usr/local/texlive/2016/texmf-dist/tex/latex/base/size10.clo
File: size10.clo 2014/09/29 v1.4h Standard LaTeX file (size option)
)
\c@part=\count79
\c@section=\count80
\c@subsection=\count81
\c@subsubsection=\count82
\c@paragraph=\count83
\c@subparagraph=\count84
\c@figure=\count85
\c@table=\count86
\abovecaptionskip=\skip41
\belowcaptionskip=\skip42
\bibindent=\dimen102
) (./common2e.sty
Package: common2e 
(./config.sty) (/usr/local/texlive/2016/texmf-dist/tex/latex/base/latexsym.sty
Package: latexsym 1998/08/17 v2.2e Standard LaTeX package (lasy symbols)
\symlasy=\mathgroup4
LaTeX Font Info:    Overwriting symbol font `lasy' in version `bold'
(Font)                  U/lasy/m/n --> U/lasy/b/n on input line 52.
) (/usr/local/texlive/2016/texmf-dist/tex/latex/base/ifthen.sty
Package: ifthen 2014/09/29 v1.1c Standard LaTeX ifthen package (DPC)
)
\tmpCntOne=\count87
\tmpCntTwo=\count88
\tmpCntThree=\count89
\tmpCntFour=\count90
\tmpCntFive=\count91
\tmpCntSix=\count92


 *********************************************************************
 * . . . . . . . . . . . . . . . . . . . . . . . . . . . . . . . . . *
 * . . .Please use PdfLaTeX and NOT LaTeX to compile this file . . . *
 * . . . . . . . . . . . . . . . . . . . . . . . . . . . . . . . . . *
 * . . . . .[See also the User Manual at Sects. 3.9 and 5]. . . . . *
 * . . . . . . . . . . . . . . . . . . . . . . . . . . . . . . . . . *
 *********************************************************************
 
(/usr/local/texlive/2016/texmf-dist/tex/latex/graphics/graphicx.sty
Package: graphicx 2014/10/28 v1.0g Enhanced LaTeX Graphics (DPC,SPQR)

(/usr/local/texlive/2016/texmf-dist/tex/latex/graphics/keyval.sty
Package: keyval 2014/10/28 v1.15 key=value parser (DPC)
\KV@toks@=\toks14
)
(/usr/local/texlive/2016/texmf-dist/tex/latex/graphics/graphics.sty
Package: graphics 2016/05/09 v1.0r Standard LaTeX Graphics (DPC,SPQR)

(/usr/local/texlive/2016/texmf-dist/tex/latex/graphics/trig.sty
Package: trig 2016/01/03 v1.10 sin cos tan (DPC)
)
(/usr/local/texlive/2016/texmf-dist/tex/latex/graphics-cfg/graphics.cfg
File: graphics.cfg 2016/01/02 v1.10 sample graphics configuration
)
Package graphics Info: Driver file: pdftex.def on input line 96.

(/usr/local/texlive/2016/texmf-dist/tex/latex/pdftex-def/pdftex.def
File: pdftex.def 2011/05/27 v0.06d Graphics/color for pdfTeX

(/usr/local/texlive/2016/texmf-dist/tex/generic/oberdiek/infwarerr.sty
Package: infwarerr 2016/05/16 v1.4 Providing info/warning/error messages (HO)
)
(/usr/local/texlive/2016/texmf-dist/tex/generic/oberdiek/ltxcmds.sty
Package: ltxcmds 2016/05/16 v1.23 LaTeX kernel commands for general use (HO)
)
\Gread@gobject=\count93
))
\Gin@req@height=\dimen103
\Gin@req@width=\dimen104
)
\strCount=\count94
\sepCount=\count95
\@boxNoCount=\count96
\@obsRunCounter=\count97
\@obsRunCounterOverflow=\count98
\c@CoIcounter=\count99
\@targetsCounter=\count100
\@targetsCounterOverflow=\count101
\@targetsOverflowPage=\count102
\@coisnewCounter=\count103
\@coisnewCounterOverflow=\count104
\@coisnewOverflowPage=\count105
\@instConfCounter=\count106
\@vltitargetsCounter=\count107
\@vltitargetsCounterOverflow=\count108
\@vltitargetsOverflowPage=\count109
\@tooRunCounter=\count110
\@tooRunCounterOverflow=\count111
\@tooRunOverflowPage=\count112
))
(/usr/local/texlive/2016/texmf-dist/tex/latex/xcolor/xcolor.sty
Package: xcolor 2016/05/11 v2.12 LaTeX color extensions (UK)

(/usr/local/texlive/2016/texmf-dist/tex/latex/graphics-cfg/color.cfg
File: color.cfg 2016/01/02 v1.6 sample color configuration
)
Package xcolor Info: Driver file: pdftex.def on input line 225.
Package xcolor Info: Model `cmy' substituted by `cmy0' on input line 1348.
Package xcolor Info: Model `hsb' substituted by `rgb' on input line 1352.
Package xcolor Info: Model `RGB' extended on input line 1364.
Package xcolor Info: Model `HTML' substituted by `rgb' on input line 1366.
Package xcolor Info: Model `Hsb' substituted by `hsb' on input line 1367.
Package xcolor Info: Model `tHsb' substituted by `hsb' on input line 1368.
Package xcolor Info: Model `HSB' substituted by `hsb' on input line 1369.
Package xcolor Info: Model `Gray' substituted by `gray' on input line 1370.
Package xcolor Info: Model `wave' substituted by `hsb' on input line 1371.
)
(./templatelarge_new.aux)
\openout1 = `templatelarge_new.aux'.

LaTeX Font Info:    Checking defaults for OML/cmm/m/it on input line 75.
LaTeX Font Info:    ... okay on input line 75.
LaTeX Font Info:    Checking defaults for T1/cmr/m/n on input line 75.
LaTeX Font Info:    ... okay on input line 75.
LaTeX Font Info:    Checking defaults for OT1/cmr/m/n on input line 75.
LaTeX Font Info:    ... okay on input line 75.
LaTeX Font Info:    Checking defaults for OMS/cmsy/m/n on input line 75.
LaTeX Font Info:    ... okay on input line 75.
LaTeX Font Info:    Checking defaults for OMX/cmex/m/n on input line 75.
LaTeX Font Info:    ... okay on input line 75.
LaTeX Font Info:    Checking defaults for U/cmr/m/n on input line 75.
LaTeX Font Info:    ... okay on input line 75.

(/usr/local/texlive/2016/texmf-dist/tex/context/base/mkii/supp-pdf.mkii
[Loading MPS to PDF converter (version 2006.09.02).]
\scratchcounter=\count113
\scratchdimen=\dimen105
\scratchbox=\box26
\nofMPsegments=\count114
\nofMParguments=\count115
\everyMPshowfont=\toks15
\MPscratchCnt=\count116
\MPscratchDim=\dimen106
\MPnumerator=\count117
\makeMPintoPDFobject=\count118
\everyMPtoPDFconversion=\toks16
) (/usr/local/texlive/2016/texmf-dist/tex/generic/oberdiek/pdftexcmds.sty
Package: pdftexcmds 2016/05/10 v0.21 Utility functions of pdfTeX for LuaTeX (HO
)

(/usr/local/texlive/2016/texmf-dist/tex/generic/oberdiek/ifluatex.sty
Package: ifluatex 2016/05/16 v1.4 Provides the ifluatex switch (HO)
Package ifluatex Info: LuaTeX not detected.
)
(/usr/local/texlive/2016/texmf-dist/tex/generic/oberdiek/ifpdf.sty
Package: ifpdf 2016/05/14 v3.1 Provides the ifpdf switch
)
Package pdftexcmds Info: LuaTeX not detected.
Package pdftexcmds Info: \pdf@primitive is available.
Package pdftexcmds Info: \pdf@ifprimitive is available.
Package pdftexcmds Info: \pdfdraftmode found.
)
(/usr/local/texlive/2016/texmf-dist/tex/latex/oberdiek/epstopdf-base.sty
Package: epstopdf-base 2016/05/15 v2.6 Base part for package epstopdf

(/usr/local/texlive/2016/texmf-dist/tex/latex/oberdiek/grfext.sty
Package: grfext 2016/05/16 v1.2 Manage graphics extensions (HO)

(/usr/local/texlive/2016/texmf-dist/tex/generic/oberdiek/kvdefinekeys.sty
Package: kvdefinekeys 2016/05/16 v1.4 Define keys (HO)
))
(/usr/local/texlive/2016/texmf-dist/tex/latex/oberdiek/kvoptions.sty
Package: kvoptions 2016/05/16 v3.12 Key value format for package options (HO)

(/usr/local/texlive/2016/texmf-dist/tex/generic/oberdiek/kvsetkeys.sty
Package: kvsetkeys 2016/05/16 v1.17 Key value parser (HO)

(/usr/local/texlive/2016/texmf-dist/tex/generic/oberdiek/etexcmds.sty
Package: etexcmds 2016/05/16 v1.6 Avoid name clashes with e-TeX commands (HO)
Package etexcmds Info: Could not find \expanded.
(etexcmds)             That can mean that you are not using pdfTeX 1.50 or
(etexcmds)             that some package has redefined \expanded.
(etexcmds)             In the latter case, load this package earlier.
)))
Package grfext Info: Graphics extension search list:
(grfext)             [.png,.pdf,.jpg,.mps,.jpeg,.PNG,.PDF,.JPG,.JPEG,.eps]
(grfext)             \AppendGraphicsExtensions on input line 456.

(/usr/local/texlive/2016/texmf-dist/tex/latex/latexconfig/epstopdf-sys.cfg
File: epstopdf-sys.cfg 2010/07/13 v1.3 Configuration of (r)epstopdf for TeX Liv
e
))


WARNING - Line 105: Wrong subcategory value {A9} in macro SubCategoryCode (firs
t parameter)!
It should be one of: A1 A2 A3 A4 A5 A6 A7 B1 B2 B3 B4 B5 B6 B7 C1 C2 C3 C4 C5 C
6 C7 C8 D1 D2 D3 D4 D5 D6 D7 D8 D9 D10 D11 D12 L0 .
/Users/Home/Documents/Work/Proposals/VLT/Sep17/Current/templatelarge_new.tex:62
2: Too many }'s.
l.622 ...switch off'' (e.g., Hickox et al. 2014)}}
                                                  
You've closed more groups than you opened.
Such booboos are generally harmless, so keep going.


pdfTeX warning (Object streams): \pdfobjcompresslevel > 0 requires \pdfminorver
sion > 4. Object streams disabled now.
<esologo.pdf, id=1, 2677.00125pt x 3491.0425pt>
File: esologo.pdf Graphic file (type pdf)
 <use esologo.pdf>
Package pdftex.def Info: esologo.pdf used on input line 1661.
(pdftex.def)             Requested size: 65.438pt x 85.35826pt.
LaTeX Font Info:    External font `cmex10' loaded for size
(Font)              <6> on input line 1661.
LaTeX Font Info:    External font `cmex10' loaded for size
(Font)              <5> on input line 1661.
LaTeX Font Info:    Try loading font information for U+lasy on input line 1661.


(/usr/local/texlive/2016/texmf-dist/tex/latex/base/ulasy.fd
File: ulasy.fd 1998/08/17 v2.2e LaTeX symbol font definitions
)
LaTeX Font Info:    External font `cmex10' loaded for size
(Font)              <7> on input line 1661.


LaTeX Font Warning: Font shape `OT1/cmss/m/n' in size <13> not available
(Font)              size <12> substituted on input line 1661.

[1

{/usr/local/texlive/2016/texmf-var/fonts/map/pdftex/updmap/pdftex.map} <./esolo
go.pdf>] [2] [3] [4] <Figures1.pdf, id=39, 597.51233pt x 845.0471pt>
File: Figures1.pdf Graphic file (type pdf)

<use Figures1.pdf>
Package pdftex.def Info: Figures1.pdf used on input line 1661.
(pdftex.def)             Requested size: 597.51086pt x 845.04504pt.
 <Figures2.pdf, id=40, 597.51233pt x 845.0471pt>
File: Figures2.pdf Graphic file (type pdf)

<use Figures2.pdf>
Package pdftex.def Info: Figures2.pdf used on input line 1661.
(pdftex.def)             Requested size: 597.51086pt x 845.04504pt.

Overfull \vbox (13.0091pt too high) detected at line 1661
 []


Overfull \vbox (13.0091pt too high) detected at line 1661
 []

[5 <./Figures1.pdf>] [6 <./Figures2.pdf>] [7]
Missing character: There is no Ë in font cmti10!
Missing character: There is no œ in font cmti10!
Missing character: There is no â in font cmti10!
Missing character: There is no ‰ in font cmti10!
Missing character: There is no ˆ in font cmti10!
 [8]
\runCount=\count119
\tmprunCount=\count120
\runLen=\count121
 [9]
Overfull \hbox (2.18214pt too wide) in paragraph at lines 1661--1661
[]\OT1/cmss/m/n/10.95 12a. 
 []


Overfull \hbox (2.57756pt too wide) in paragraph at lines 1661--1661
[]\OT1/cmss/m/n/10.95 12b. 
 []

[10]
\insCount=\count122
\tmpCount=\count123
\insLen=\count124



ERROR - Instrument {MUSE} defined in box 3 not configured. Please uncomment the
 specific INSconfig macro for {MUSE}.


ERROR - Instrument {MUSE} defined in box 3 not configured. Please uncomment the
 specific INSconfig macro for {MUSE}.


ERROR - Instrument {MUSE} defined in box 3 not configured. Please uncomment the
 specific INSconfig macro for {MUSE}.


ERROR - Instrument {MUSE} defined in box 3 not configured. Please uncomment the
 specific INSconfig macro for {MUSE}.

--------------------------------------------------------------------
ESOFORM Abort


/Users/Home/Documents/Work/Proposals/VLT/Sep17/Current/templatelarge_new.tex:16
61: ESOFORM abort.
\@stm ...{} \batchmode \errmessage {ESOFORM abort}
                                                  \stop 
\CheckInsConfig ...yValue \@errorList \else \@stm 
                                                  \fi \fi 
\MakeInstrumentConfBox -> \par \CheckInsConfig 
                                               \par \def \@instrumentconfbox...
<argument>  \vbox { \MakeInstrumentConfBox 
                                           \MakePageNumber } 
\@imakepicbox ...t \hb@xt@ #1\unitlength {\mb@l #4
                                                  \mb@r }\mb@b \kern \z@ }
\@MakePageNine ...umentConfBox \MakePageNumber } }
                                                   \end {picture} \vfill \pa...

\MakeProposal ...ageEightTCrit \fi \@MakePageNine 
                                                  \ifx \@emptyValue \@pageVi...
l.1661 \MakeProposal
                    
This error message was generated by an \errmessage
command, so I can't give any explicit help.
Pretend that you're Hercule Poirot: Examine all clues,
and deduce the truth by order and method.

/Users/Home/Documents/Work/Proposals/VLT/Sep17/Current/templatelarge_new.tex:16
61: You can't use `\end' in internal vertical mode.
\stop ... \deadcycles \z@ \let \par \@@par \@@end 
                                                  
\CheckInsConfig ...yValue \@errorList \else \@stm 
                                                  \fi \fi 
\MakeInstrumentConfBox -> \par \CheckInsConfig 
                                               \par \def \@instrumentconfbox...
<argument>  \vbox { \MakeInstrumentConfBox 
                                           \MakePageNumber } 
\@imakepicbox ...t \hb@xt@ #1\unitlength {\mb@l #4
                                                  \mb@r }\mb@b \kern \z@ }
\@MakePageNine ...umentConfBox \MakePageNumber } }
                                                   \end {picture} \vfill \pa...

\MakeProposal ...ageEightTCrit \fi \@MakePageNine 
                                                  \ifx \@emptyValue \@pageVi...
l.1661 \MakeProposal
                    
Sorry, but I'm not programmed to handle this case;
I'll just pretend that you didn't ask for it.
If you're in the wrong mode, you might be able to
return to the right one by typing `I}' or `I$' or `I\par'.

[11

] [12]
\runCount=\count125
\tmprunCount=\count126
\runLen=\count127
[13]

************************************************************************ ******
****************************************************************** ************
** This proposal has compiled successfully. **************** Please do check fo
r warnings in the corresponding log file. PLEASE NOTE THE FOLLOWING: 1. The cor
rect institute codes must be entered for EACH Co-I. A full list of institute co
des can be found at:  http://www.eso.org/sci/observing/phase1/countryselect.htm
l 2. If the PI username has been filled in incorrectly the receiver will  eithe
r reject the proposal or assign the proposal to the wrong user. ***************
********************************************************* *********************
***************************************************

(./templatelarge_new.aux)

LaTeX Font Warning: Size substitutions with differences
(Font)              up to 1.0pt have occurred.

 ) 
Here is how much of TeX's memory you used:
 2808 strings out of 493014
 37553 string characters out of 6133352
 191393 words of memory out of 5000000
 6324 multiletter control sequences out of 15000+600000
 9323 words of font info for 35 fonts, out of 8000000 for 9000
 1141 hyphenation exceptions out of 8191
 41i,16n,35p,1408b,317s stack positions out of 5000i,500n,10000p,200000b,80000s
</usr/local/texlive/2016/texmf-dist/fonts/type1/public/amsfonts/cm/cmbx10.pfb
></usr/local/texlive/2016/texmf-dist/fonts/type1/public/amsfonts/cm/cmbx12.pfb>
</usr/local/texlive/2016/texmf-dist/fonts/type1/public/amsfonts/cm/cmbxti10.pfb
></usr/local/texlive/2016/texmf-dist/fonts/type1/public/amsfonts/cm/cmcsc10.pfb
></usr/local/texlive/2016/texmf-dist/fonts/type1/public/amsfonts/cm/cmmi10.pfb>
</usr/local/texlive/2016/texmf-dist/fonts/type1/public/amsfonts/cm/cmmi7.pfb></
usr/local/texlive/2016/texmf-dist/fonts/type1/public/amsfonts/cm/cmr10.pfb></us
r/local/texlive/2016/texmf-dist/fonts/type1/public/amsfonts/cm/cmr6.pfb></usr/l
ocal/texlive/2016/texmf-dist/fonts/type1/public/amsfonts/cm/cmr7.pfb></usr/loca
l/texlive/2016/texmf-dist/fonts/type1/public/amsfonts/cm/cmr8.pfb></usr/local/t
exlive/2016/texmf-dist/fonts/type1/public/amsfonts/cm/cmr9.pfb></usr/local/texl
ive/2016/texmf-dist/fonts/type1/public/amsfonts/cm/cmss10.pfb></usr/local/texli
ve/2016/texmf-dist/fonts/type1/public/amsfonts/cm/cmss12.pfb></usr/local/texliv
e/2016/texmf-dist/fonts/type1/public/amsfonts/cm/cmssbx10.pfb></usr/local/texli
ve/2016/texmf-dist/fonts/type1/public/amsfonts/cm/cmsy10.pfb></usr/local/texliv
e/2016/texmf-dist/fonts/type1/public/amsfonts/cm/cmsy6.pfb></usr/local/texlive/
2016/texmf-dist/fonts/type1/public/amsfonts/cm/cmsy7.pfb></usr/local/texlive/20
16/texmf-dist/fonts/type1/public/amsfonts/cm/cmti10.pfb>
Output written on templatelarge_new.pdf (13 pages, 1828161 bytes).
PDF statistics:
 196 PDF objects out of 1000 (max. 8388607)
 0 named destinations out of 1000 (max. 500000)
 16 words of extra memory for PDF output out of 10000 (max. 10000000)

